<?xml version="1.0" encoding="UTF-8"?>
<!-- Generated by org.testng.reporters.JUnitReportReporter -->
<testsuite hostname="IN-PG0352G7" failures="0" tests="3" name="insuranceCalculator_Motercycle.EndTOEndTests_motercycle" time="52.983" errors="0" timestamp="2023-05-31T13:16:39 IST" skipped="0">
  <testcase classname="insuranceCalculator_Motercycle.EndTOEndTests_motercycle" name="insuranceCalculate" time="20.342"/>
  <system-out/>
  <testcase classname="insuranceCalculator_Motercycle.EndTOEndTests_motercycle" name="insuranceCalculate" time="16.566"/>
  <system-out/>
  <testcase classname="insuranceCalculator_Motercycle.EndTOEndTests_motercycle" name="insuranceCalculate" time="16.075"/>
  <system-out/>
</testsuite> <!-- insuranceCalculator_Motercycle.EndTOEndTests_motercycle -->
